[INFO ] 2024-12-26 11:50:39.321 [main] MyStoreV1 - Regsitration & Login testing started...!!!!!
[INFO ] 2024-12-26 11:50:44.434 [main] MyStoreV1 - url opened...!!!!!
[INFO ] 2024-12-26 11:50:44.457 [main] MyStoreV1 - Clicking on signin Link...!!!!!
[INFO ] 2024-12-26 11:50:45.350 [main] MyStoreV1 - Entering email into create account username text filed...!!!!!
[INFO ] 2024-12-26 11:50:45.415 [main] MyStoreV1 - Clicking on submit Link...!!!!!
[INFO ] 2024-12-26 12:13:15.329 [main] MyStoreV1 - Regsitration & Login testing started...!!!!!
[INFO ] 2024-12-26 12:13:23.361 [main] MyStoreV1 - url opened...!!!!!
[INFO ] 2024-12-26 12:13:23.382 [main] MyStoreV1 - Clicking on signin Link...!!!!!
[INFO ] 2024-12-26 12:13:24.302 [main] MyStoreV1 - Entering email into create account username text filed...!!!!!
[INFO ] 2024-12-26 12:13:24.368 [main] MyStoreV1 - Clicking on submit Link...!!!!!
[INFO ] 2024-12-26 12:13:24.435 [main] MyStoreV1 - Selecting title Mr...!!!!!
[INFO ] 2024-12-26 12:14:11.328 [main] MyStoreV1 - Regsitration & Login testing started...!!!!!
[INFO ] 2024-12-26 12:14:16.875 [main] MyStoreV1 - url opened...!!!!!
[INFO ] 2024-12-26 12:14:16.897 [main] MyStoreV1 - Clicking on signin Link...!!!!!
[INFO ] 2024-12-26 12:14:17.725 [main] MyStoreV1 - Entering email into create account username text filed...!!!!!
[INFO ] 2024-12-26 12:14:17.794 [main] MyStoreV1 - Clicking on submit Link...!!!!!
[INFO ] 2024-12-26 12:14:17.863 [main] MyStoreV1 - Selecting title Mr...!!!!!
[INFO ] 2024-12-26 12:14:18.840 [main] MyStoreV1 - Entering customer first name ...!!!!!
[INFO ] 2024-12-26 12:14:18.892 [main] MyStoreV1 - Entering customer last name...!!!!!
[INFO ] 2024-12-26 12:14:18.925 [main] MyStoreV1 - Clicking on registered Link...!!!!!
[INFO ] 2024-12-26 12:16:06.644 [main] MyStoreV1 - Regsitration & Login testing started...!!!!!
[INFO ] 2024-12-26 12:16:12.433 [main] MyStoreV1 - url opened...!!!!!
[INFO ] 2024-12-26 12:16:12.455 [main] MyStoreV1 - Clicking on signin Link...!!!!!
[INFO ] 2024-12-26 12:16:13.329 [main] MyStoreV1 - Entering email into create account username text filed...!!!!!
[INFO ] 2024-12-26 12:16:13.398 [main] MyStoreV1 - Clicking on submit Link...!!!!!
[INFO ] 2024-12-26 12:16:13.467 [main] MyStoreV1 - Selecting title Mr...!!!!!
[INFO ] 2024-12-26 12:16:14.468 [main] MyStoreV1 - Entering customer first name ...!!!!!
[INFO ] 2024-12-26 12:16:14.518 [main] MyStoreV1 - Entering customer last name...!!!!!
[INFO ] 2024-12-26 12:16:14.549 [main] MyStoreV1 - Entering password...!!!!!
[INFO ] 2024-12-26 12:16:14.602 [main] MyStoreV1 - Clicking on registered Link...!!!!!
[INFO ] 2024-12-26 12:17:27.166 [main] MyStoreV1 - Regsitration & Login testing started...!!!!!
[INFO ] 2024-12-26 12:17:32.827 [main] MyStoreV1 - url opened...!!!!!
[INFO ] 2024-12-26 12:17:32.849 [main] MyStoreV1 - Clicking on signin Link...!!!!!
[INFO ] 2024-12-26 12:17:33.720 [main] MyStoreV1 - Entering email into create account username text filed...!!!!!
[INFO ] 2024-12-26 12:17:33.787 [main] MyStoreV1 - Clicking on submit Link...!!!!!
[INFO ] 2024-12-26 12:17:33.852 [main] MyStoreV1 - Selecting title Mr...!!!!!
[INFO ] 2024-12-26 12:17:35.041 [main] MyStoreV1 - Entering customer first name ...!!!!!
[INFO ] 2024-12-26 12:17:35.094 [main] MyStoreV1 - Entering customer last name...!!!!!
[INFO ] 2024-12-26 12:17:35.128 [main] MyStoreV1 - Entering password...!!!!!
[INFO ] 2024-12-26 12:17:35.181 [main] MyStoreV1 - Clicking on registered Link...!!!!!
[INFO ] 2024-12-26 12:18:34.049 [main] MyStoreV1 - Regsitration & Login testing started...!!!!!
[INFO ] 2024-12-26 12:18:39.097 [main] MyStoreV1 - url opened...!!!!!
[INFO ] 2024-12-26 12:18:39.116 [main] MyStoreV1 - Clicking on signin Link...!!!!!
[INFO ] 2024-12-26 12:18:40.101 [main] MyStoreV1 - Entering email into create account username text filed...!!!!!
[INFO ] 2024-12-26 12:18:40.171 [main] MyStoreV1 - Clicking on submit Link...!!!!!
[INFO ] 2024-12-26 12:18:40.243 [main] MyStoreV1 - Selecting title Mr...!!!!!
[INFO ] 2024-12-26 12:18:41.252 [main] MyStoreV1 - Entering customer first name ...!!!!!
[INFO ] 2024-12-26 12:18:41.303 [main] MyStoreV1 - Entering customer last name...!!!!!
[INFO ] 2024-12-26 12:18:41.355 [main] MyStoreV1 - Entering password...!!!!!
[INFO ] 2024-12-26 12:18:41.407 [main] MyStoreV1 - Clicking on registered Link...!!!!!
[INFO ] 2024-12-26 12:34:07.726 [main] MyStoreV1 - Regsitration & Login testing started...!!!!!
[INFO ] 2024-12-26 12:34:14.136 [main] MyStoreV1 - url opened...!!!!!
[INFO ] 2024-12-26 12:34:14.160 [main] MyStoreV1 - Clicking on signin Link...!!!!!
[INFO ] 2024-12-26 12:34:15.019 [main] MyStoreV1 - Entering email into create account username text filed...!!!!!
[INFO ] 2024-12-26 12:34:15.093 [main] MyStoreV1 - Clicking on submit Link...!!!!!
[INFO ] 2024-12-26 12:34:15.161 [main] MyStoreV1 - Selecting title Mr...!!!!!
[INFO ] 2024-12-26 12:34:16.133 [main] MyStoreV1 - Entering customer first name ...!!!!!
[INFO ] 2024-12-26 12:34:16.185 [main] MyStoreV1 - Entering customer last name...!!!!!
[INFO ] 2024-12-26 12:34:16.237 [main] MyStoreV1 - Entering password...!!!!!
[INFO ] 2024-12-26 12:34:16.289 [main] MyStoreV1 - Clicking on registered Link...!!!!!
[INFO ] 2024-12-26 12:34:29.444 [main] MyStoreV1 - Verifying usernmae after registration...!!!!!
[INFO ] 2024-12-26 12:35:44.868 [main] MyStoreV1 - Regsitration & Login testing started...!!!!!
[INFO ] 2024-12-26 12:35:50.773 [main] MyStoreV1 - url opened...!!!!!
[INFO ] 2024-12-26 12:35:50.798 [main] MyStoreV1 - Clicking on signin Link...!!!!!
[INFO ] 2024-12-26 12:35:51.630 [main] MyStoreV1 - Entering email into create account username text filed...!!!!!
[INFO ] 2024-12-26 12:35:51.699 [main] MyStoreV1 - Clicking on submit Link...!!!!!
[INFO ] 2024-12-26 12:35:51.768 [main] MyStoreV1 - Selecting title Mr...!!!!!
[INFO ] 2024-12-26 12:35:52.742 [main] MyStoreV1 - Entering customer first name ...!!!!!
[INFO ] 2024-12-26 12:35:52.795 [main] MyStoreV1 - Entering customer last name...!!!!!
[INFO ] 2024-12-26 12:35:52.850 [main] MyStoreV1 - Entering password...!!!!!
[INFO ] 2024-12-26 12:35:52.903 [main] MyStoreV1 - Clicking on registered Link...!!!!!
[INFO ] 2024-12-26 12:36:06.025 [main] MyStoreV1 - Verifying usernmae after registration...!!!!!
[INFO ] 2024-12-26 12:39:03.329 [main] MyStoreV1 - Regsitration & Login testing started...!!!!!
[INFO ] 2024-12-26 12:39:09.129 [main] MyStoreV1 - url opened...!!!!!
[INFO ] 2024-12-26 12:39:09.151 [main] MyStoreV1 - Clicking on signin Link...!!!!!
[INFO ] 2024-12-26 12:39:10.023 [main] MyStoreV1 - Entering email into create account username text filed...!!!!!
[INFO ] 2024-12-26 12:39:10.091 [main] MyStoreV1 - Clicking on submit Link...!!!!!
[INFO ] 2024-12-26 12:39:10.157 [main] MyStoreV1 - Selecting title Mr...!!!!!
[INFO ] 2024-12-26 12:39:11.188 [main] MyStoreV1 - Entering customer first name ...!!!!!
[INFO ] 2024-12-26 12:39:11.240 [main] MyStoreV1 - Entering customer last name...!!!!!
[INFO ] 2024-12-26 12:39:11.290 [main] MyStoreV1 - Entering password...!!!!!
[INFO ] 2024-12-26 12:49:16.794 [main] MyStoreV1 - Regsitration & Login testing started...!!!!!
[INFO ] 2024-12-26 12:49:22.442 [main] MyStoreV1 - url opened...!!!!!
[INFO ] 2024-12-26 12:49:22.465 [main] MyStoreV1 - Clicking on signin Link...!!!!!
[INFO ] 2024-12-26 12:49:23.363 [main] MyStoreV1 - Entering email into create account username text filed...!!!!!
[INFO ] 2024-12-26 12:49:23.432 [main] MyStoreV1 - Clicking on submit Link...!!!!!
[INFO ] 2024-12-26 12:49:23.502 [main] MyStoreV1 - Selecting title Mr...!!!!!
[INFO ] 2024-12-26 12:49:24.517 [main] MyStoreV1 - Entering customer first name ...!!!!!
[INFO ] 2024-12-26 12:49:24.569 [main] MyStoreV1 - Entering customer last name...!!!!!
[INFO ] 2024-12-26 12:49:24.620 [main] MyStoreV1 - Entering password...!!!!!
[INFO ] 2024-12-26 12:49:24.671 [main] MyStoreV1 - Clicking on registered Link...!!!!!
[INFO ] 2024-12-26 12:49:37.899 [main] MyStoreV1 - Verifying usernmae after registration...!!!!!
[INFO ] 2024-12-26 12:49:37.909 [main] MyStoreV1 - Regsitration & Login testing started...!!!!!
[INFO ] 2024-12-26 12:49:38.493 [main] MyStoreV1 - url opened...!!!!!
[INFO ] 2024-12-26 12:49:38.493 [main] MyStoreV1 - Clicking on signin Link...!!!!!
[INFO ] 2024-12-26 12:53:50.228 [main] MyStoreV1 - Regsitration & Login testing started...!!!!!
[INFO ] 2024-12-26 12:53:55.421 [main] MyStoreV1 - url opened...!!!!!
[INFO ] 2024-12-26 12:53:55.443 [main] MyStoreV1 - Clicking on signin Link...!!!!!
[INFO ] 2024-12-26 12:53:56.370 [main] MyStoreV1 - Entering email into login username text filed...!!!!!
[INFO ] 2024-12-26 12:53:56.440 [main] MyStoreV1 - Entering password...!!!
[INFO ] 2024-12-26 12:53:56.478 [main] MyStoreV1 - Clicking on login button
[INFO ] 2024-12-26 12:54:08.024 [main] MyStoreV1 - Regsitration & Login testing started...!!!!!
[INFO ] 2024-12-26 12:54:14.421 [main] MyStoreV1 - url opened...!!!!!
[INFO ] 2024-12-26 12:54:14.421 [main] MyStoreV1 - Clicking on signin Link...!!!!!
[INFO ] 2024-12-26 12:54:15.334 [main] MyStoreV1 - Entering email into create account username text filed...!!!!!
[INFO ] 2024-12-26 12:54:15.400 [main] MyStoreV1 - Clicking on submit Link...!!!!!
[INFO ] 2024-12-26 12:54:15.466 [main] MyStoreV1 - Selecting title Mr...!!!!!
[INFO ] 2024-12-26 12:55:56.002 [main] MyStoreV1 - Regsitration & Login testing started...!!!!!
[INFO ] 2024-12-26 12:56:00.915 [main] MyStoreV1 - url opened...!!!!!
[INFO ] 2024-12-26 12:56:00.934 [main] MyStoreV1 - Clicking on signin Link...!!!!!
[INFO ] 2024-12-26 12:56:01.802 [main] MyStoreV1 - Entering email into login username text filed...!!!!!
[INFO ] 2024-12-26 12:56:01.873 [main] MyStoreV1 - Entering password...!!!
[INFO ] 2024-12-26 12:56:01.927 [main] MyStoreV1 - Clicking on login button
[INFO ] 2024-12-26 12:56:24.958 [main] MyStoreV1 - Regsitration & Login testing started...!!!!!
[INFO ] 2024-12-26 12:56:30.211 [main] MyStoreV1 - url opened...!!!!!
[INFO ] 2024-12-26 12:56:30.229 [main] MyStoreV1 - Clicking on signin Link...!!!!!
[INFO ] 2024-12-26 12:56:31.053 [main] MyStoreV1 - Entering email into login username text filed...!!!!!
[INFO ] 2024-12-26 12:56:31.122 [main] MyStoreV1 - Entering password...!!!
[INFO ] 2024-12-26 12:56:31.174 [main] MyStoreV1 - Clicking on login button
[INFO ] 2024-12-26 12:58:04.142 [main] MyStoreV1 - Regsitration & Login testing started...!!!!!
[INFO ] 2024-12-26 12:58:09.167 [main] MyStoreV1 - url opened...!!!!!
[INFO ] 2024-12-26 12:58:09.186 [main] MyStoreV1 - Clicking on signin Link...!!!!!
[INFO ] 2024-12-26 12:58:10.034 [main] MyStoreV1 - Entering email into create account username text filed...!!!!!
[INFO ] 2024-12-26 12:58:10.105 [main] MyStoreV1 - Clicking on submit Link...!!!!!
[INFO ] 2024-12-26 12:58:10.171 [main] MyStoreV1 - Selecting title Mr...!!!!!
[INFO ] 2024-12-26 12:58:11.204 [main] MyStoreV1 - Entering customer first name ...!!!!!
[INFO ] 2024-12-26 12:58:11.257 [main] MyStoreV1 - Entering customer last name...!!!!!
[INFO ] 2024-12-26 12:58:11.307 [main] MyStoreV1 - Entering password...!!!!!
[INFO ] 2024-12-26 12:58:11.360 [main] MyStoreV1 - Clicking on registered Link...!!!!!
[INFO ] 2024-12-26 12:58:23.490 [main] MyStoreV1 - Verifying usernmae after registration...!!!!!
[INFO ] 2024-12-26 12:59:22.309 [main] MyStoreV1 - Regsitration & Login testing started...!!!!!
[INFO ] 2024-12-26 12:59:27.398 [main] MyStoreV1 - url opened...!!!!!
[INFO ] 2024-12-26 12:59:27.420 [main] MyStoreV1 - Clicking on signin Link...!!!!!
[INFO ] 2024-12-26 12:59:28.452 [main] MyStoreV1 - Entering email into login username text filed...!!!!!
[INFO ] 2024-12-26 12:59:28.527 [main] MyStoreV1 - Entering password...!!!
[INFO ] 2024-12-26 12:59:28.584 [main] MyStoreV1 - Clicking on login button
[INFO ] 2024-12-26 13:00:42.315 [main] MyStoreV1 - Regsitration & Login testing started...!!!!!
[INFO ] 2024-12-26 13:00:47.572 [main] MyStoreV1 - url opened...!!!!!
[INFO ] 2024-12-26 13:00:47.592 [main] MyStoreV1 - Clicking on signin Link...!!!!!
[INFO ] 2024-12-26 13:00:48.413 [main] MyStoreV1 - Entering email into login username text filed...!!!!!
[INFO ] 2024-12-26 13:00:48.490 [main] MyStoreV1 - Entering password...!!!
[INFO ] 2024-12-26 13:00:48.549 [main] MyStoreV1 - Clicking on login button
[INFO ] 2024-12-26 13:00:59.501 [main] MyStoreV1 - Verifying usernmae after registration...!!!!!
[INFO ] 2024-12-26 13:02:26.120 [main] MyStoreV1 - Regsitration & Login testing started...!!!!!
[INFO ] 2024-12-26 13:02:32.221 [main] MyStoreV1 - url opened...!!!!!
[INFO ] 2024-12-26 13:02:32.242 [main] MyStoreV1 - Clicking on signin Link...!!!!!
[INFO ] 2024-12-26 13:02:33.318 [main] MyStoreV1 - Entering email into login username text filed...!!!!!
[INFO ] 2024-12-26 13:02:33.395 [main] MyStoreV1 - Entering password...!!!
[INFO ] 2024-12-26 13:02:33.452 [main] MyStoreV1 - Clicking on login button
[INFO ] 2024-12-26 13:02:57.974 [main] MyStoreV1 - Regsitration & Login testing started...!!!!!
[INFO ] 2024-12-26 13:03:00.542 [main] MyStoreV1 - url opened...!!!!!
[INFO ] 2024-12-26 13:03:00.543 [main] MyStoreV1 - Clicking on signin Link...!!!!!
[INFO ] 2024-12-26 13:03:24.633 [main] MyStoreV1 - Regsitration & Login testing started...!!!!!
[INFO ] 2024-12-26 13:03:29.858 [main] MyStoreV1 - url opened...!!!!!
[INFO ] 2024-12-26 13:03:29.880 [main] MyStoreV1 - Clicking on signin Link...!!!!!
[INFO ] 2024-12-26 13:03:30.787 [main] MyStoreV1 - Entering email into login username text filed...!!!!!
[INFO ] 2024-12-26 13:03:30.859 [main] MyStoreV1 - Entering password...!!!
[INFO ] 2024-12-26 13:03:30.913 [main] MyStoreV1 - Clicking on login button
[INFO ] 2024-12-26 13:03:41.852 [main] MyStoreV1 - Verifying usernmae after Login...!!!!!
[INFO ] 2024-12-26 13:03:42.703 [main] MyStoreV1 - Regsitration & Login testing started...!!!!!
[INFO ] 2024-12-26 13:03:48.360 [main] MyStoreV1 - url opened...!!!!!
[INFO ] 2024-12-26 13:03:48.361 [main] MyStoreV1 - Clicking on signin Link...!!!!!
[INFO ] 2024-12-26 13:03:49.195 [main] MyStoreV1 - Entering email into create account username text filed...!!!!!
[INFO ] 2024-12-26 13:03:49.263 [main] MyStoreV1 - Clicking on submit Link...!!!!!
[INFO ] 2024-12-26 13:03:49.333 [main] MyStoreV1 - Selecting title Mr...!!!!!
[INFO ] 2024-12-26 13:03:50.329 [main] MyStoreV1 - Entering customer first name ...!!!!!
[INFO ] 2024-12-26 13:03:50.378 [main] MyStoreV1 - Entering customer last name...!!!!!
[INFO ] 2024-12-26 13:03:50.428 [main] MyStoreV1 - Entering password...!!!!!
[INFO ] 2024-12-26 13:03:50.477 [main] MyStoreV1 - Clicking on registered Link...!!!!!
[INFO ] 2024-12-26 13:04:02.826 [main] MyStoreV1 - Verifying usernmae after registration...!!!!!
[INFO ] 2024-12-26 16:10:44.980 [main] MyStoreV1 - url opened...!!!!!
[INFO ] 2024-12-26 16:10:45.025 [main] MyStoreV1 - Verify Login testing started...!!!!!
[INFO ] 2024-12-26 16:10:45.073 [main] MyStoreV1 - Clicking on signin Link...!!!!!
[INFO ] 2024-12-26 16:10:46.318 [main] MyStoreV1 - Entering email into login username text filed...!!!!!
[INFO ] 2024-12-26 16:10:46.441 [main] MyStoreV1 - Entering password...!!!
[INFO ] 2024-12-26 16:10:46.548 [main] MyStoreV1 - Clicking on login button
[INFO ] 2024-12-26 16:10:57.827 [main] MyStoreV1 - Verify login passed.... 
[INFO ] 2024-12-26 16:15:03.193 [main] MyStoreV1 - url opened...!!!!!
[INFO ] 2024-12-26 16:15:03.234 [main] MyStoreV1 - Verify Login testing started...!!!!!
[INFO ] 2024-12-26 16:15:03.287 [main] MyStoreV1 - Clicking on signin Link...!!!!!
[INFO ] 2024-12-26 16:15:04.478 [main] MyStoreV1 - Entering email into login username text filed...!!!!!
[INFO ] 2024-12-26 16:15:04.611 [main] MyStoreV1 - Entering password...!!!
[INFO ] 2024-12-26 16:15:04.721 [main] MyStoreV1 - Clicking on login button
[INFO ] 2024-12-26 16:15:16.053 [main] MyStoreV1 - Verify login passed.... 
[INFO ] 2024-12-26 16:18:41.932 [main] MyStoreV1 - url opened...!!!!!
[INFO ] 2024-12-26 16:18:41.969 [main] MyStoreV1 - Verify Login testing started...!!!!!
[INFO ] 2024-12-26 16:18:42.013 [main] MyStoreV1 - Clicking on signin Link...!!!!!
[INFO ] 2024-12-26 16:18:43.020 [main] MyStoreV1 - Entering email into login username text filed...!!!!!
[INFO ] 2024-12-26 16:18:43.142 [main] MyStoreV1 - Entering password...!!!
[INFO ] 2024-12-26 16:18:43.251 [main] MyStoreV1 - Clicking on login button
[INFO ] 2024-12-26 16:18:54.326 [main] MyStoreV1 - Verify login passed.... 
[INFO ] 2024-12-26 16:24:47.840 [main] MyStoreV1 - url opened...!!!!!
[INFO ] 2024-12-26 16:24:47.880 [main] MyStoreV1 - Verify Login testing started...!!!!!
[INFO ] 2024-12-26 16:24:47.931 [main] MyStoreV1 - Clicking on signin Link...!!!!!
[INFO ] 2024-12-26 16:24:48.952 [main] MyStoreV1 - Entering email into login username text filed...!!!!!
[INFO ] 2024-12-26 16:24:49.086 [main] MyStoreV1 - Entering password...!!!
[INFO ] 2024-12-26 16:24:49.198 [main] MyStoreV1 - Clicking on login button
[INFO ] 2024-12-26 16:25:00.333 [main] MyStoreV1 - Verify login failed.... 
[INFO ] 2024-12-26 16:27:00.495 [main] MyStoreV1 - url opened...!!!!!
[INFO ] 2024-12-26 16:27:00.536 [main] MyStoreV1 - Verify Login testing started...!!!!!
[INFO ] 2024-12-26 16:27:00.591 [main] MyStoreV1 - Clicking on signin Link...!!!!!
[INFO ] 2024-12-26 16:27:01.847 [main] MyStoreV1 - Entering email into login username text filed...!!!!!
[INFO ] 2024-12-26 16:27:01.976 [main] MyStoreV1 - Entering password...!!!
[INFO ] 2024-12-26 16:27:02.085 [main] MyStoreV1 - Clicking on login button
[INFO ] 2024-12-26 16:27:13.212 [main] MyStoreV1 - Verify login failed.... 
[INFO ] 2024-12-26 16:40:15.865 [main] MyStoreV1 - url opened...!!!!!
[INFO ] 2024-12-26 16:40:15.903 [main] MyStoreV1 - Verify Login testing started...!!!!!
[INFO ] 2024-12-26 16:40:15.951 [main] MyStoreV1 - Clicking on signin Link...!!!!!
[INFO ] 2024-12-26 16:40:17.019 [main] MyStoreV1 - Entering email into login username text filed...!!!!!
[INFO ] 2024-12-26 16:40:17.154 [main] MyStoreV1 - Entering password...!!!
[INFO ] 2024-12-26 16:40:17.264 [main] MyStoreV1 - Clicking on login button
[INFO ] 2024-12-26 16:40:28.390 [main] MyStoreV1 - Verify login failed.... 
[INFO ] 2024-12-26 16:40:49.440 [main] MyStoreV1 - url opened...!!!!!
[INFO ] 2024-12-26 16:40:49.486 [main] MyStoreV1 - Verify Login testing started...!!!!!
[INFO ] 2024-12-26 16:40:49.522 [main] MyStoreV1 - Clicking on signin Link...!!!!!
[INFO ] 2024-12-26 16:42:15.221 [main] MyStoreV1 - url opened...!!!!!
[INFO ] 2024-12-26 16:42:15.259 [main] MyStoreV1 - Verify Login testing started...!!!!!
[INFO ] 2024-12-26 16:42:15.307 [main] MyStoreV1 - Clicking on signin Link...!!!!!
[INFO ] 2024-12-26 16:42:16.581 [main] MyStoreV1 - Entering email into login username text filed...!!!!!
[INFO ] 2024-12-26 16:42:16.717 [main] MyStoreV1 - Entering password...!!!
[INFO ] 2024-12-26 16:42:16.825 [main] MyStoreV1 - Clicking on login button
[INFO ] 2024-12-26 16:42:28.115 [main] MyStoreV1 - Verify login failed.... 
[INFO ] 2024-12-26 16:42:47.862 [main] MyStoreV1 - url opened...!!!!!
[INFO ] 2024-12-26 16:42:47.904 [main] MyStoreV1 - Verify Login testing started...!!!!!
[INFO ] 2024-12-26 16:42:47.942 [main] MyStoreV1 - Clicking on signin Link...!!!!!
[INFO ] 2024-12-26 16:44:33.329 [main] MyStoreV1 - url opened...!!!!!
[INFO ] 2024-12-26 16:44:33.366 [main] MyStoreV1 - Verify Login testing started...!!!!!
[INFO ] 2024-12-26 16:44:33.397 [main] MyStoreV1 - Clicking on signin Link...!!!!!
[INFO ] 2024-12-26 16:48:15.139 [main] MyStoreV1 - url opened...!!!!!
[INFO ] 2024-12-26 16:48:15.177 [main] MyStoreV1 - Verify Login testing started...!!!!!
[INFO ] 2024-12-26 16:48:15.211 [main] MyStoreV1 - Clicking on signin Link...!!!!!
[INFO ] 2024-12-26 16:50:24.429 [main] MyStoreV1 - url opened...!!!!!
[INFO ] 2024-12-26 16:50:24.475 [main] MyStoreV1 - Verify Login testing started...!!!!!
[INFO ] 2024-12-26 16:50:24.525 [main] MyStoreV1 - Clicking on signin Link...!!!!!
[INFO ] 2024-12-26 16:50:25.109 [main] MyStoreV1 - Entering email into login username text filed...!!!!!
[INFO ] 2024-12-26 16:53:47.661 [main] MyStoreV1 - url opened...!!!!!
[INFO ] 2024-12-26 16:53:47.703 [main] MyStoreV1 - Verify Login testing started...!!!!!
[INFO ] 2024-12-26 16:53:47.736 [main] MyStoreV1 - Clicking on signin Link...!!!!!
[INFO ] 2024-12-26 16:55:06.542 [main] MyStoreV1 - url opened...!!!!!
[INFO ] 2024-12-26 16:55:06.583 [main] MyStoreV1 - Verify Login testing started...!!!!!
[INFO ] 2024-12-26 16:55:06.617 [main] MyStoreV1 - Clicking on signin Link...!!!!!
[INFO ] 2024-12-26 16:57:18.032 [main] MyStoreV1 - url opened...!!!!!
[INFO ] 2024-12-26 16:57:18.077 [main] MyStoreV1 - Verify Login testing started...!!!!!
[INFO ] 2024-12-26 16:57:18.125 [main] MyStoreV1 - Clicking on signin Link...!!!!!
[INFO ] 2024-12-26 16:57:19.274 [main] MyStoreV1 - Entering email into login username text filed...!!!!!
[INFO ] 2024-12-26 16:57:19.398 [main] MyStoreV1 - Entering password...!!!
[INFO ] 2024-12-26 16:57:19.510 [main] MyStoreV1 - Clicking on login button
[INFO ] 2024-12-26 16:57:30.781 [main] MyStoreV1 - Verify login failed.... 
[INFO ] 2024-12-26 17:00:08.386 [main] MyStoreV1 - url opened...!!!!!
[INFO ] 2024-12-26 17:00:08.426 [main] MyStoreV1 - Verify Login testing started...!!!!!
[INFO ] 2024-12-26 17:00:08.471 [main] MyStoreV1 - Clicking on signin Link...!!!!!
[INFO ] 2024-12-26 17:00:09.582 [main] MyStoreV1 - Entering email into login username text filed...!!!!!
[INFO ] 2024-12-26 17:00:09.655 [main] MyStoreV1 - Entering password...!!!
[INFO ] 2024-12-26 17:00:09.685 [main] MyStoreV1 - Clicking on login button
[INFO ] 2024-12-26 17:00:20.904 [main] MyStoreV1 - Verify login failed.... 
[INFO ] 2024-12-26 17:46:09.155 [main] MyStoreV1 - url opened...!!!!!
[INFO ] 2024-12-26 17:46:11.152 [main] MyStoreV1 - Verify Login testing started...!!!!!
[INFO ] 2024-12-26 17:46:11.194 [main] MyStoreV1 - Clicking on signin Link...!!!!!
[INFO ] 2024-12-26 17:46:12.129 [main] MyStoreV1 - Entering email into login username text filed...!!!!!
[INFO ] 2024-12-26 17:46:12.208 [main] MyStoreV1 - Entering password...!!!
[INFO ] 2024-12-26 17:46:12.240 [main] MyStoreV1 - Clicking on login button
[INFO ] 2024-12-26 17:46:23.217 [main] MyStoreV1 - Verify login passed.... 
[INFO ] 2024-12-26 17:46:24.614 [main] MyStoreV1 - Verify Login testing started...!!!!!
[INFO ] 2024-12-26 17:46:24.615 [main] MyStoreV1 - Clicking on signin Link...!!!!!
[INFO ] 2024-12-26 17:46:25.398 [main] MyStoreV1 - Entering email into login username text filed...!!!!!
[INFO ] 2024-12-26 17:46:25.440 [main] MyStoreV1 - Entering password...!!!
[INFO ] 2024-12-26 17:46:25.481 [main] MyStoreV1 - Clicking on login button
[INFO ] 2024-12-27 11:57:13.116 [main] MyStoreV1 - url opened...!!!!!
[INFO ] 2024-12-27 11:57:13.164 [main] MyStoreV1 - Regsitration & Login testing started...!!!!!
[INFO ] 2024-12-27 11:57:13.254 [main] MyStoreV1 - Clicking on signin Link...!!!!!
[INFO ] 2024-12-27 11:57:14.386 [main] MyStoreV1 - Entering email into create account username text filed...!!!!!
[INFO ] 2024-12-27 11:57:14.528 [main] MyStoreV1 - Clicking on submit Link...!!!!!
[INFO ] 2024-12-27 11:57:14.686 [main] MyStoreV1 - Selecting title Mr...!!!!!
[INFO ] 2024-12-27 11:58:22.727 [main] MyStoreV1 - url opened...!!!!!
[INFO ] 2024-12-27 11:58:24.983 [main] MyStoreV1 - Verify Login testing started...!!!!!
[INFO ] 2024-12-27 11:58:25.038 [main] MyStoreV1 - Clicking on signin Link...!!!!!
[INFO ] 2024-12-27 11:58:26.366 [main] MyStoreV1 - Entering email into login username text filed...!!!!!
[INFO ] 2024-12-27 11:58:26.510 [main] MyStoreV1 - Entering password...!!!
[INFO ] 2024-12-27 11:58:26.635 [main] MyStoreV1 - Clicking on login button
[INFO ] 2024-12-27 11:58:37.858 [main] MyStoreV1 - Verify login passed.... 
[INFO ] 2024-12-27 11:58:39.004 [main] MyStoreV1 - Verify Login testing started...!!!!!
[INFO ] 2024-12-27 11:58:39.005 [main] MyStoreV1 - Clicking on signin Link...!!!!!
[INFO ] 2024-12-27 11:58:40.703 [main] MyStoreV1 - Entering email into login username text filed...!!!!!
[INFO ] 2024-12-27 11:58:40.850 [main] MyStoreV1 - Entering password...!!!
[INFO ] 2024-12-27 11:58:40.962 [main] MyStoreV1 - Clicking on login button
[INFO ] 2024-12-27 11:58:51.973 [main] MyStoreV1 - Verify login passed.... 
[INFO ] 2024-12-27 12:32:10.661 [main] MyStoreV1 - url opened...!!!!!
[INFO ] 2024-12-27 12:32:10.704 [main] MyStoreV1 - ...Test cases search product started...
[INFO ] 2024-12-27 12:32:14.777 [main] MyStoreV1 - Search product test cases --failed..!!!
[INFO ] 2024-12-27 12:35:59.740 [main] MyStoreV1 - url opened...!!!!!
[INFO ] 2024-12-27 12:35:59.781 [main] MyStoreV1 - ...Test cases search product started...
[INFO ] 2024-12-27 12:36:04.525 [main] MyStoreV1 - Search product test cases --failed..!!!
[INFO ] 2024-12-27 14:41:14.272 [main] MyStoreV1 - url opened...!!!!!
[INFO ] 2024-12-27 14:41:15.052 [main] MyStoreV1 - Verify Login testing started...!!!!!
[INFO ] 2024-12-27 14:41:15.073 [main] MyStoreV1 - Clicking on signin Link...!!!!!
[INFO ] 2024-12-27 14:41:16.033 [main] MyStoreV1 - Entering email into login username text filed...!!!!!
[INFO ] 2024-12-27 14:41:16.114 [main] MyStoreV1 - Entering password...!!!
[INFO ] 2024-12-27 14:41:16.184 [main] MyStoreV1 - Clicking on login button
[INFO ] 2024-12-27 14:41:27.173 [main] MyStoreV1 - Verify login passed.... 
[INFO ] 2024-12-27 14:41:28.096 [main] MyStoreV1 - Verify Login testing started...!!!!!
[INFO ] 2024-12-27 14:41:28.096 [main] MyStoreV1 - Clicking on signin Link...!!!!!
[INFO ] 2024-12-27 14:41:28.821 [main] MyStoreV1 - Entering email into login username text filed...!!!!!
[INFO ] 2024-12-27 14:41:28.885 [main] MyStoreV1 - Entering password...!!!
[INFO ] 2024-12-27 14:41:28.934 [main] MyStoreV1 - Clicking on login button
[INFO ] 2024-12-27 14:41:39.784 [main] MyStoreV1 - Verify login passed.... 
[INFO ] 2024-12-27 14:54:37.756 [main] MyStoreV1 - url opened...!!!!!
[INFO ] 2024-12-27 14:54:38.579 [main] MyStoreV1 - Verify Login testing started...!!!!!
[INFO ] 2024-12-27 14:54:38.600 [main] MyStoreV1 - Clicking on signin Link...!!!!!
[INFO ] 2024-12-27 14:54:39.620 [main] MyStoreV1 - Entering email into login username text filed...!!!!!
[INFO ] 2024-12-27 14:54:39.705 [main] MyStoreV1 - Entering password...!!!
[INFO ] 2024-12-27 14:54:39.774 [main] MyStoreV1 - Clicking on login button
[INFO ] 2024-12-27 14:54:50.905 [main] MyStoreV1 - Verify login passed.... 
[INFO ] 2024-12-27 14:54:51.918 [main] MyStoreV1 - Verify Login testing started...!!!!!
[INFO ] 2024-12-27 14:54:51.918 [main] MyStoreV1 - Clicking on signin Link...!!!!!
[INFO ] 2024-12-27 14:54:52.628 [main] MyStoreV1 - Entering email into login username text filed...!!!!!
[INFO ] 2024-12-27 14:54:52.690 [main] MyStoreV1 - Entering password...!!!
[INFO ] 2024-12-27 14:54:52.741 [main] MyStoreV1 - Clicking on login button
[INFO ] 2024-12-27 14:55:03.508 [main] MyStoreV1 - Verify login passed.... 
[INFO ] 2024-12-27 15:07:26.391 [main] MyStoreV1 - url opened...!!!!!
[INFO ] 2024-12-27 15:07:27.400 [main] MyStoreV1 - Verify Login testing started...!!!!!
[INFO ] 2024-12-27 15:07:27.425 [main] MyStoreV1 - Clicking on signin Link...!!!!!
[INFO ] 2024-12-27 15:07:28.646 [main] MyStoreV1 - Entering email into login username text filed...!!!!!
[INFO ] 2024-12-27 15:07:28.729 [main] MyStoreV1 - Entering password...!!!
[INFO ] 2024-12-27 15:07:28.793 [main] MyStoreV1 - Clicking on login button
[INFO ] 2024-12-27 15:07:39.989 [main] MyStoreV1 - Verify login passed.... 
[INFO ] 2024-12-27 15:07:41.297 [main] MyStoreV1 - Verify Login testing started...!!!!!
[INFO ] 2024-12-27 15:07:41.298 [main] MyStoreV1 - Clicking on signin Link...!!!!!
[INFO ] 2024-12-27 15:07:42.183 [main] MyStoreV1 - Entering email into login username text filed...!!!!!
[INFO ] 2024-12-27 15:07:42.253 [main] MyStoreV1 - Entering password...!!!
[INFO ] 2024-12-27 15:07:42.301 [main] MyStoreV1 - Clicking on login button
[INFO ] 2024-12-27 15:07:53.239 [main] MyStoreV1 - Verify login passed.... 
[INFO ] 2024-12-27 16:08:38.022 [main] MyStoreV1 - url opened...!!!!!
[INFO ] 2024-12-27 16:08:38.719 [main] MyStoreV1 - Verify Login testing started...!!!!!
[INFO ] 2024-12-27 16:08:38.733 [main] MyStoreV1 - Clicking on signin Link...!!!!!
[INFO ] 2024-12-27 16:08:38.756 [main] MyStoreV1 - Verify Login testing started...!!!!!
[INFO ] 2024-12-27 16:08:38.756 [main] MyStoreV1 - Clicking on signin Link...!!!!!
